<?xml version="1.0" encoding="UTF-8"?>
  <testsuite name="chaosmesh e2e suit" tests="22" failures="1" errors="0" time="517.704">
      <testcase name="[Basic] [HTTPChaos] [HTTPDelay] [Schedule]" classname="chaosmesh e2e suit" time="19.158336489"></testcase>
      <testcase name="[Basic] [HTTPChaos] [HTTPReplaceBody] [Pause]" classname="chaosmesh e2e suit" time="7.251893368"></testcase>
      <testcase name="[Basic] [Sidecar Config] [Template Config] [InValid ConfigMap key]" classname="chaosmesh e2e suit" time="2.140242157">
          <failure type="Failure">/home/runner/work/chaos-mesh/chaos-mesh/e2e-test/e2e/chaos/basic.go:337&#xA;Mar 19 05:10:29.901: wait chaos mesh not dies&#xA;Expected an error to have occurred.  Got:&#xA;    &lt;nil&gt;: nil&#xA;/home/runner/work/chaos-mesh/chaos-mesh/e2e-test/e2e/chaos/sidecar/template_config.go:68</failure>
          <system-out>[BeforeEach] [Basic]&#xA;  /tmp/go/pkg/mod/k8s.io/kubernetes@v1.23.1/test/e2e/framework/framework.go:185&#xA;�[1mSTEP�[0m: Creating a kubernetes client&#xA;Mar 19 05:10:27.828: INFO: &gt;&gt;&gt; kubeConfig: /home/runner/.kube/config&#xA;�[1mSTEP�[0m: Building a namespace api object, basename chaos-mesh&#xA;�[1mSTEP�[0m: Waiting for a default service account to be provisioned in namespace&#xA;[BeforeEach] [Basic]&#xA;  /home/runner/work/chaos-mesh/chaos-mesh/e2e-test/e2e/chaos/basic.go:66&#xA;Mar 19 05:10:27.864: INFO: &gt;&gt;&gt; kubeConfig: /home/runner/.kube/config&#xA;[It] [InValid ConfigMap key]&#xA;  /home/runner/work/chaos-mesh/chaos-mesh/e2e-test/e2e/chaos/basic.go:337&#xA;Mar 19 05:10:29.901: FAIL: wait chaos mesh not dies&#xA;Expected an error to have occurred.  Got:&#xA;    &lt;nil&gt;: nil&#xA;&#xA;Full Stack Trace&#xA;github.com/chaos-mesh/chaos-mesh/e2e-test/e2e/chaos/sidecar.TestcaseInvalidConfigMapKey({0x0, 0x0}, {0x1ef5ddf, 0xd}, {0x1efee14, 0x12}, {0x2217070, 0xc000ba1e00}, {0x21edeb0, 0xc0000a80e0})&#xA;&#x9;/home/runner/work/chaos-mesh/chaos-mesh/e2e-test/e2e/chaos/sidecar/template_config.go:68 +0x4e5&#xA;github.com/chaos-mesh/chaos-mesh/e2e-test/e2e/chaos.glob..func1.7.2.1()&#xA;&#x9;/home/runner/work/chaos-mesh/chaos-mesh/e2e-test/e2e/chaos/basic.go:340 +0xbc&#xA;github.com/onsi/ginkgo/internal/leafnodes.(*runner).runSync(0xc00018da00)&#xA;&#x9;/tmp/go/pkg/mod/github.com/onsi/ginkgo@v1.16.5/internal/leafnodes/runner.go:113 +0xba&#xA;github.com/onsi/ginkgo/internal/leafnodes.(*runner).run(0xc000ae1588)&#xA;&#x9;/tmp/go/pkg/mod/github.com/onsi/ginkgo@v1.16.5/internal/leafnodes/runner.go:64 +0x125&#xA;github.com/onsi/ginkgo/internal/leafnodes.(*ItNode).Run(0x0)&#xA;&#x9;/tmp/go/pkg/mod/github.com/onsi/ginkgo@v1.16.5/internal/leafnodes/it_node.go:26 +0x7b&#xA;github.com/onsi/ginkgo/internal/spec.(*Spec).runSample(0xc00040fc20, 0xc000ae1950, {0x21756e0, 0xc0000b2f40})&#xA;&#x9;/tmp/go/pkg/mod/github.com/onsi/ginkgo@v1.16.5/internal/spec/spec.go:215 +0x2a9&#xA;github.com/onsi/ginkgo/internal/spec.(*Spec).Run(0xc00040fc20, {0x21756e0, 0xc0000b2f40})&#xA;&#x9;/tmp/go/pkg/mod/github.com/onsi/ginkgo@v1.16.5/internal/spec/spec.go:138 +0xe7&#xA;github.com/onsi/ginkgo/internal/specrunner.(*SpecRunner).runSpec(0xc0006e2580, 0xc00040fc20)&#xA;&#x9;/tmp/go/pkg/mod/github.com/onsi/ginkgo@v1.16.5/internal/specrunner/spec_runner.go:200 +0xe5&#xA;github.com/onsi/ginkgo/internal/specrunner.(*SpecRunner).runSpecs(0xc0006e2580)&#xA;&#x9;/tmp/go/pkg/mod/github.com/onsi/ginkgo@v1.16.5/internal/specrunner/spec_runner.go:170 +0x1a5&#xA;github.com/onsi/ginkgo/internal/specrunner.(*SpecRunner).Run(0xc0006e2580)&#xA;&#x9;/tmp/go/pkg/mod/github.com/onsi/ginkgo@v1.16.5/internal/specrunner/spec_runner.go:66 +0xc5&#xA;github.com/onsi/ginkgo/internal/suite.(*Suite).Run(0xc000118770, {0x7f6b64b1f2a8, 0xc000001d40}, {0x1efe9ca, 0xc000020d68}, {0xc00043f860, 0x2, 0x2}, {0x21d4798, 0xc0000b2f40}, ...)&#xA;&#x9;/tmp/go/pkg/mod/github.com/onsi/ginkgo@v1.16.5/internal/suite/suite.go:79 +0x4d2&#xA;github.com/onsi/ginkgo.runSpecsWithCustomReporters({0x21784e0, 0xc000001d40}, {0x1efe9ca, 0x12}, {0xc00043f820, 0x2, 0x1f098c6})&#xA;&#x9;/tmp/go/pkg/mod/github.com/onsi/ginkgo@v1.16.5/ginkgo_dsl.go:245 +0x185&#xA;github.com/onsi/ginkgo.RunSpecsWithDefaultAndCustomReporters({0x21784e0, 0xc000001d40}, {0x1efe9ca, 0x12}, {0xc0000ace30, 0x1, 0x1})&#xA;&#x9;/tmp/go/pkg/mod/github.com/onsi/ginkgo@v1.16.5/ginkgo_dsl.go:228 +0x1be&#xA;github.com/chaos-mesh/chaos-mesh/e2e-test/e2e.RunE2ETests(0x48b537)&#xA;&#x9;/home/runner/work/chaos-mesh/chaos-mesh/e2e-test/e2e/e2e_test.go:82 +0x365&#xA;github.com/chaos-mesh/chaos-mesh/e2e-test/e2e.TestE2E(0x406359)&#xA;&#x9;/home/runner/work/chaos-mesh/chaos-mesh/e2e-test/e2e/e2e_test.go:67 +0x19&#xA;testing.tRunner(0xc000001d40, 0x1fd3358)&#xA;&#x9;/usr/local/go/src/testing/testing.go:1259 +0x102&#xA;created by testing.(*T).Run&#xA;&#x9;/usr/local/go/src/testing/testing.go:1306 +0x35a&#xA;[JustAfterEach] [Sidecar Config]&#xA;  /home/runner/work/chaos-mesh/chaos-mesh/e2e-test/e2e/chaos/basic.go:331&#xA;[AfterEach] [Basic]&#xA;  /tmp/go/pkg/mod/k8s.io/kubernetes@v1.23.1/test/e2e/framework/framework.go:186&#xA;�[1mSTEP�[0m: Collecting events from namespace &#34;chaos-mesh-258&#34;.&#xA;�[1mSTEP�[0m: Found 0 events.&#xA;Mar 19 05:10:29.910: INFO: POD  NODE  PHASE  GRACE  CONDITIONS&#xA;Mar 19 05:10:29.910: INFO: &#xA;Mar 19 05:10:29.913: INFO: &#xA;Logging node info for node minikube&#xA;Mar 19 05:10:29.916: INFO: Node Info: &amp;Node{ObjectMeta:{minikube    fd48b2eb-9ff7-4e0c-9105-8edc60180f82 1158 0 2022-03-19 05:08:13 +0000 UTC &lt;nil&gt; &lt;nil&gt; map[beta.kubernetes.io/arch:amd64 beta.kubernetes.io/os:linux kubernetes.io/arch:amd64 kubernetes.io/hostname:minikube kubernetes.io/os:linux minikube.k8s.io/commit:76b94fb3c4e8ac5062daf70d60cf03ddcc0a741b minikube.k8s.io/name:minikube minikube.k8s.io/updated_at:2022_03_19T05_08_17_0700 minikube.k8s.io/version:v1.24.0 node-role.kubernetes.io/control-plane: node-role.kubernetes.io/master: node.kubernetes.io/exclude-from-external-load-balancers:] map[flannel.alpha.coreos.com/backend-data:{&#34;VtepMAC&#34;:&#34;ba:6a:de:f5:de:2b&#34;} flannel.alpha.coreos.com/backend-type:vxlan flannel.alpha.coreos.com/kube-subnet-manager:true flannel.alpha.coreos.com/public-ip:192.168.49.2 kubeadm.alpha.kubernetes.io/cri-socket:/var/run/dockershim.sock node.alpha.kubernetes.io/ttl:0 volumes.kubernetes.io/controller-managed-attach-detach:true] [] []  [{Go-http-client Update v1 2022-03-19 05:08:16 +0000 UTC FieldsV1 {&#34;f:metadata&#34;:{&#34;f:annotations&#34;:{&#34;.&#34;:{},&#34;f:kubeadm.alpha.kubernetes.io/cri-socket&#34;:{},&#34;f:volumes.kubernetes.io/controller-managed-attach-detach&#34;:{}},&#34;f:labels&#34;:{&#34;.&#34;:{},&#34;f:beta.kubernetes.io/arch&#34;:{},&#34;f:beta.kubernetes.io/os&#34;:{},&#34;f:kubernetes.io/arch&#34;:{},&#34;f:kubernetes.io/hostname&#34;:{},&#34;f:kubernetes.io/os&#34;:{},&#34;f:node-role.kubernetes.io/control-plane&#34;:{},&#34;f:node-role.kubernetes.io/master&#34;:{},&#34;f:node.kubernetes.io/exclude-from-external-load-balancers&#34;:{}}}} } {kubectl-label Update v1 2022-03-19 05:08:17 +0000 UTC FieldsV1 {&#34;f:metadata&#34;:{&#34;f:labels&#34;:{&#34;f:minikube.k8s.io/commit&#34;:{},&#34;f:minikube.k8s.io/name&#34;:{},&#34;f:minikube.k8s.io/updated_at&#34;:{},&#34;f:minikube.k8s.io/version&#34;:{}}}} } {kube-controller-manager Update v1 2022-03-19 05:08:29 +0000 UTC FieldsV1 {&#34;f:metadata&#34;:{&#34;f:annotations&#34;:{&#34;f:node.alpha.kubernetes.io/ttl&#34;:{}}},&#34;f:spec&#34;:{&#34;f:podCIDR&#34;:{},&#34;f:podCIDRs&#34;:{&#34;.&#34;:{},&#34;v:\&#34;10.244.0.0/24\&#34;&#34;:{}}}} } {flanneld Update v1 2022-03-19 05:08:35 +0000 UTC FieldsV1 {&#34;f:metadata&#34;:{&#34;f:annotations&#34;:{&#34;f:flannel.alpha.coreos.com/backend-data&#34;:{},&#34;f:flannel.alpha.coreos.com/backend-type&#34;:{},&#34;f:flannel.alpha.coreos.com/kube-subnet-manager&#34;:{},&#34;f:flannel.alpha.coreos.com/public-ip&#34;:{}}},&#34;f:status&#34;:{&#34;f:conditions&#34;:{&#34;k:{\&#34;type\&#34;:\&#34;NetworkUnavailable\&#34;}&#34;:{&#34;.&#34;:{},&#34;f:lastHeartbeatTime&#34;:{},&#34;f:lastTransitionTime&#34;:{},&#34;f:message&#34;:{},&#34;f:reason&#34;:{},&#34;f:status&#34;:{},&#34;f:type&#34;:{}}}}} status} {Go-http-client Update v1 2022-03-19 05:08:47 +0000 UTC FieldsV1 {&#34;f:status&#34;:{&#34;f:conditions&#34;:{&#34;k:{\&#34;type\&#34;:\&#34;DiskPressure\&#34;}&#34;:{&#34;f:lastHeartbeatTime&#34;:{}},&#34;k:{\&#34;type\&#34;:\&#34;MemoryPressure\&#34;}&#34;:{&#34;f:lastHeartbeatTime&#34;:{}},&#34;k:{\&#34;type\&#34;:\&#34;PIDPressure\&#34;}&#34;:{&#34;f:lastHeartbeatTime&#34;:{}},&#34;k:{\&#34;type\&#34;:\&#34;Ready\&#34;}&#34;:{&#34;f:lastHeartbeatTime&#34;:{},&#34;f:lastTransitionTime&#34;:{},&#34;f:message&#34;:{},&#34;f:reason&#34;:{},&#34;f:status&#34;:{}}},&#34;f:images&#34;:{}}} status}]},Spec:NodeSpec{PodCIDR:10.244.0.0/24,DoNotUseExternalID:,ProviderID:,Unschedulable:false,Taints:[]Taint{},ConfigSource:nil,PodCIDRs:[10.244.0.0/24],},Status:NodeStatus{Capacity:ResourceList{cpu: {{2 0} {&lt;nil&gt;} 2 DecimalSI},ephemeral-storage: {{89311358976 0} {&lt;nil&gt;} 87218124Ki BinarySI},hugepages-1Gi: {{0 0} {&lt;nil&gt;} 0 DecimalSI},hugepages-2Mi: {{0 0} {&lt;nil&gt;} 0 DecimalSI},memory: {{7284850688 0} {&lt;nil&gt;}  BinarySI},pods: {{110 0} {&lt;nil&gt;} 110 DecimalSI},},Allocatable:ResourceList{cpu: {{2 0} {&lt;nil&gt;} 2 DecimalSI},ephemeral-storage: {{89311358976 0} {&lt;nil&gt;} 87218124Ki BinarySI},hugepages-1Gi: {{0 0} {&lt;nil&gt;} 0 DecimalSI},hugepages-2Mi: {{0 0} {&lt;nil&gt;} 0 DecimalSI},memory: {{7284850688 0} {&lt;nil&gt;}  BinarySI},pods: {{110 0} {&lt;nil&gt;} 110 DecimalSI},},Phase:,Conditions:[]NodeCondition{NodeCondition{Type:NetworkUnavailable,Status:False,LastHeartbeatTime:2022-03-19 05:08:35 +0000 UTC,LastTransitionTime:2022-03-19 05:08:35 +0000 UTC,Reason:FlannelIsUp,Message:Flannel is running on this node,},NodeCondition{Type:MemoryPressure,Status:False,LastHeartbeatTime:2022-03-19 05:10:19 +0000 UTC,LastTransitionTime:2022-03-19 05:08:11 +0000 UTC,Reason:KubeletHasSufficientMemory,Message:kubelet has sufficient memory available,},NodeCondition{Type:DiskPressure,Status:False,LastHeartbeatTime:2022-03-19 05:10:19 +0000 UTC,LastTransitionTime:2022-03-19 05:08:11 +0000 UTC,Reason:KubeletHasNoDiskPressure,Message:kubelet has no disk pressure,},NodeCondition{Type:PIDPressure,Status:False,LastHeartbeatTime:2022-03-19 05:10:19 +0000 UTC,LastTransitionTime:2022-03-19 05:08:11 +0000 UTC,Reason:KubeletHasSufficientPID,Message:kubelet has sufficient PID available,},NodeCondition{Type:Ready,Status:True,LastHeartbeatTime:2022-03-19 05:10:19 +0000 UTC,LastTransitionTime:2022-03-19 05:08:26 +0000 UTC,Reason:KubeletReady,Message:kubelet is posting ready status,},},Addresses:[]NodeAddress{NodeAddress{Type:InternalIP,Address:192.168.49.2,},NodeAddress{Type:Hostname,Address:minikube,},},DaemonEndpoints:NodeDaemonEndpoints{KubeletEndpoint:DaemonEndpoint{Port:10250,},},NodeInfo:NodeSystemInfo{MachineID:bba0be70c47c400ea3cf7733f1c0b4c1,SystemUUID:ce8c2f04-ba3c-4e69-82de-45f28d73f140,BootID:3e0a8471-6888-4067-b001-1f4e3fa5f771,KernelVersion:5.11.0-1028-azure,OSImage:Ubuntu 20.04.2 LTS,ContainerRuntimeVersion:docker://20.10.8,KubeletVersion:v1.23.4,KubeProxyVersion:v1.23.4,OperatingSystem:linux,Architecture:amd64,},Images:[]ContainerImage{ContainerImage{Names:[ghcr.io/chaos-mesh/chaos-daemon:latest],SizeBytes:697452308,},ContainerImage{Names:[k8s.gcr.io/etcd:3.5.0-0],SizeBytes:294520669,},ContainerImage{Names:[k8s.gcr.io/etcd@sha256:64b9ea357325d5db9f8a723dcf503b5a449177b17ac87d69481e126bb724c263 k8s.gcr.io/etcd:3.5.1-0],SizeBytes:292552228,},ContainerImage{Names:[kubernetesui/dashboard:v2.3.1],SizeBytes:220033604,},ContainerImage{Names:[ghcr.io/chaos-mesh/chaos-dashboard:latest],SizeBytes:146691840,},ContainerImage{Names:[k8s.gcr.io/kube-apiserver:v1.23.4],SizeBytes:135163773,},ContainerImage{Names:[k8s.gcr.io/kube-controller-manager:v1.23.4],SizeBytes:124973267,},ContainerImage{Names:[k8s.gcr.io/kube-proxy:v1.23.4],SizeBytes:112328846,},ContainerImage{Names:[ghcr.io/chaos-mesh/chaos-mesh:latest],SizeBytes:61324223,},ContainerImage{Names:[k8s.gcr.io/kube-scheduler:v1.23.4],SizeBytes:53481645,},ContainerImage{Names:[quay.io/coreos/flannel@sha256:6d451d92c921f14bfb38196aacb6e506d4593c5b3c9d40a8b8a2506010dc3e10 quay.io/coreos/flannel:v0.12.0-amd64],SizeBytes:52745840,},ContainerImage{Names:[k8s.gcr.io/coredns/coredns:v1.8.4],SizeBytes:47541629,},ContainerImage{Names:[k8s.gcr.io/coredns/coredns@sha256:5b6ec0d6de9baaf3e92d0f66cd96a25b9edbce8716f5f15dcd1a616b3abd590e k8s.gcr.io/coredns/coredns:v1.8.6],SizeBytes:46816637,},ContainerImage{Names:[pingcap/coredns@sha256:6b840d259df2e64a8801352d0102be3c4f60640247129e4633668e8a3aeab4b5 pingcap/coredns:v0.2.1],SizeBytes:46732192,},ContainerImage{Names:[kubernetesui/metrics-scraper:v1.0.7],SizeBytes:34446077,},ContainerImage{Names:[gcr.io/k8s-minikube/storage-provisioner:v5],SizeBytes:31465472,},ContainerImage{Names:[ghcr.io/pingcap/e2e-helper:latest],SizeBytes:18297887,},ContainerImage{Names:[k8s.gcr.io/pause:3.6],SizeBytes:682696,},},VolumesInUse:[],VolumesAttached:[]AttachedVolume{},Config:nil,},}&#xA;Mar 19 05:10:29.917: INFO: &#xA;Logging kubelet events for node minikube&#xA;Mar 19 05:10:29.920: INFO: &#xA;Logging pods the kubelet thinks is on node minikube&#xA;Mar 19 05:10:29.939: INFO: coredns-64897985d-g8xvw started at 2022-03-19 05:08:29 +0000 UTC (0+1 container statuses recorded)&#xA;Mar 19 05:10:29.939: INFO: &#x9;Container coredns ready: true, restart count 0&#xA;Mar 19 05:10:29.939: INFO: chaos-dns-server-7f45c4875f-s4t9t started at 2022-03-19 05:09:44 +0000 UTC (0+1 container statuses recorded)&#xA;Mar 19 05:10:29.939: INFO: &#x9;Container chaos-dns-server ready: true, restart count 0&#xA;Mar 19 05:10:29.939: INFO: chaos-controller-manager-56d78bd874-664kt started at 2022-03-19 05:09:56 +0000 UTC (0+1 container statuses recorded)&#xA;Mar 19 05:10:29.939: INFO: &#x9;Container chaos-mesh ready: true, restart count 0&#xA;Mar 19 05:10:29.939: INFO: io-test-cb8bbbf95-h64n5 started at 2022-03-19 05:10:18 +0000 UTC (0+1 container statuses recorded)&#xA;Mar 19 05:10:29.939: INFO: &#x9;Container io ready: true, restart count 0&#xA;Mar 19 05:10:29.939: INFO: kube-scheduler-minikube started at 2022-03-19 05:08:17 +0000 UTC (0+1 container statuses recorded)&#xA;Mar 19 05:10:29.939: INFO: &#x9;Container kube-scheduler ready: true, restart count 0&#xA;Mar 19 05:10:29.939: INFO: storage-provisioner started at 2022-03-19 05:08:28 +0000 UTC (0+1 container statuses recorded)&#xA;Mar 19 05:10:29.939: INFO: &#x9;Container storage-provisioner ready: true, restart count 1&#xA;Mar 19 05:10:29.939: INFO: chaos-controller-manager-56d78bd874-n6k8f started at 2022-03-19 05:09:54 +0000 UTC (0+1 container statuses recorded)&#xA;Mar 19 05:10:29.939: INFO: &#x9;Container chaos-mesh ready: true, restart count 0&#xA;Mar 19 05:10:29.939: INFO: etcd-minikube started at 2022-03-19 05:08:18 +0000 UTC (0+1 container statuses recorded)&#xA;Mar 19 05:10:29.939: INFO: &#x9;Container etcd ready: true, restart count 0&#xA;Mar 19 05:10:29.939: INFO: kube-proxy-smcb9 started at 2022-03-19 05:08:29 +0000 UTC (0+1 container statuses recorded)&#xA;Mar 19 05:10:29.939: INFO: &#x9;Container kube-proxy ready: true, restart count 0&#xA;Mar 19 05:10:29.939: INFO: chaos-dashboard-8477bbcff-mcgmg started at 2022-03-19 05:09:44 +0000 UTC (0+1 container statuses recorded)&#xA;Mar 19 05:10:29.939: INFO: &#x9;Container chaos-dashboard ready: true, restart count 0&#xA;Mar 19 05:10:29.939: INFO: chaos-controller-manager-56d78bd874-dfz67 started at 2022-03-19 05:09:55 +0000 UTC (0+1 container statuses recorded)&#xA;Mar 19 05:10:29.939: INFO: &#x9;Container chaos-mesh ready: true, restart count 0&#xA;Mar 19 05:10:29.939: INFO: kube-controller-manager-minikube started at 2022-03-19 05:08:18 +0000 UTC (0+1 container statuses recorded)&#xA;Mar 19 05:10:29.939: INFO: &#x9;Container kube-controller-manager ready: true, restart count 0&#xA;Mar 19 05:10:29.939: INFO: chaos-daemon-dfn9b started at 2022-03-19 05:09:54 +0000 UTC (0+1 container statuses recorded)&#xA;Mar 19 05:10:29.939: INFO: &#x9;Container chaos-daemon ready: true, restart count 0&#xA;Mar 19 05:10:29.939: INFO: http-test-7486c97494-cj7vg started at 2022-03-19 05:10:20 +0000 UTC (0+1 container statuses recorded)&#xA;Mar 19 05:10:29.939: INFO: &#x9;Container http ready: true, restart count 0&#xA;Mar 19 05:10:29.939: INFO: kube-apiserver-minikube started at 2022-03-19 05:08:18 +0000 UTC (0+1 container statuses recorded)&#xA;Mar 19 05:10:29.939: INFO: &#x9;Container kube-apiserver ready: true, restart count 0&#xA;Mar 19 05:10:29.939: INFO: kube-flannel-ds-amd64-bht2l started at 2022-03-19 05:08:29 +0000 UTC (1+1 container statuses recorded)&#xA;Mar 19 05:10:29.939: INFO: &#x9;Init container install-cni ready: true, restart count 0&#xA;Mar 19 05:10:29.939: INFO: &#x9;Container kube-flannel ready: true, restart count 0&#xA;Mar 19 05:10:29.963: INFO: &#xA;Latency metrics for node minikube&#xA;Mar 19 05:10:29.963: INFO: Waiting up to 3m0s for all (but 0) nodes to be ready&#xA;�[1mSTEP�[0m: Destroying namespace &#34;chaos-mesh-258&#34; for this suite.&#xA;[AfterEach] [Basic]&#xA;  /home/runner/work/chaos-mesh/chaos-mesh/e2e-test/e2e/chaos/basic.go:84&#xA;</system-out>
      </testcase>
      <testcase name="[Basic] [IOChaos] [IOErrno] [SpecifyContainer]" classname="chaosmesh e2e suit" time="14.160263108"></testcase>
      <testcase name="[Basic] [StressChaos] [CPU]" classname="chaosmesh e2e suit" time="8.202081077"></testcase>
      <testcase name="[Basic] [PodChaos] [ContainerKill] [Schedule]" classname="chaosmesh e2e suit" time="11.08119719"></testcase>
      <testcase name="[Basic] [Sidecar Config] [Template Config] [InValid Configuration]" classname="chaosmesh e2e suit" time="10.089208642"></testcase>
      <testcase name="[Graceful-Shutdown] [HTTPChaos] [Shutdown]" classname="chaosmesh e2e suit" time="0">
          <skipped></skipped>
      </testcase>
      <testcase name="[Basic] [HTTPChaos] [HTTPPatch] [Pause]" classname="chaosmesh e2e suit" time="7.16002817"></testcase>
      <testcase name="[Basic] [IOChaos] [IODelay] [Schedule]" classname="chaosmesh e2e suit" time="16.235091598"></testcase>
      <testcase name="[Basic] [DNSChaos] [ERROR]" classname="chaosmesh e2e suit" time="11.874105187"></testcase>
      <testcase name="[Basic] [DNSChaos] [RANDOM]" classname="chaosmesh e2e suit" time="11.596528071"></testcase>
      <testcase name="[Basic] [IOChaos] [IODelay] [Pause]" classname="chaosmesh e2e suit" time="19.368564332"></testcase>
      <testcase name="[Basic] [HTTPChaos] [HTTPReplace] [Schedule]" classname="chaosmesh e2e suit" time="6.185529767"></testcase>
      <testcase name="[Basic] [IOChaos] [IOErrno] [Pause]" classname="chaosmesh e2e suit" time="19.187851977"></testcase>
      <testcase name="[Basic] [IOChaos] [IODelay] [SpecifyContainer]" classname="chaosmesh e2e suit" time="14.296239899"></testcase>
      <testcase name="[Basic] [NetworkChaos] [NetworkPartition] [Schedule]" classname="chaosmesh e2e suit" time="134.928936425"></testcase>
      <testcase name="[Basic] [PodChaos] [PodFailure] [Pause]" classname="chaosmesh e2e suit" time="27.133811853"></testcase>
      <testcase name="[Graceful-Shutdown] [IOChaos] [Shutdown]" classname="chaosmesh e2e suit" time="0">
          <skipped></skipped>
      </testcase>
      <testcase name="[Basic] [Sidecar Config] [Injection Config] [No Template]" classname="chaosmesh e2e suit" time="12.122084925"></testcase>
      <testcase name="[Basic] [PodChaos] [PodKill] [Pause]" classname="chaosmesh e2e suit" time="72.086625603"></testcase>
      <testcase name="[Basic] [HTTPChaos] [HTTPAbort] [Schedule]" classname="chaosmesh e2e suit" time="6.093881753"></testcase>
      <testcase name="[Basic] [HTTPChaos] [HTTPPatch] [Schedule]" classname="chaosmesh e2e suit" time="8.114902934"></testcase>
      <testcase name="[Basic] [TimeChaos] [TimeSkew] [Pause]" classname="chaosmesh e2e suit" time="79.174914139"></testcase>
  </testsuite>